Inicia el proceso de Analisis
Jugador a analizar: aitoruriaerandio
ProfileEndpoint: https://api.chess.com/pub/player/aitoruriaerandio
Inicia el proceso de Analisis
Jugador a analizar: aitoruriaerandio
ProfileEndpoint: https://api.chess.com/pub/player/aitoruriaerandio
Inicia el proceso de Analisis
Jugador a analizar: aitoruriaerandio
ProfileEndpoint: https://api.chess.com/pub/player/aitoruriaerandio
Inicia el proceso de Analisis
Jugador a analizar: aitoruriaerandio
ProfileEndpoint: https://api.chess.com/pub/player/aitoruriaerandio
Inicia el proceso de Analisis
Jugador a analizar: aitoruriaerandio
ProfileEndpoint: https://api.chess.com/pub/player/aitoruriaerandio
Inicia el proceso de Analisis
Jugador a analizar: aitoruriaerandio
ProfileEndpoint: https://api.chess.com/pub/player/aitoruriaerandio
ProfileEndpointResponse: 
{"player_id":168897069,"@id":"https://api.chess.com/pub/player/aitoruriaerandio","url":"https://www.chess.com/member/AitorUriaErandio","username":"aitoruriaerandio","followers":6,"country":"https://api.chess.com/pub/country/XX","last_online":1750006704,"joined":1642173077,"status":"premium","is_streamer":false,"verified":false,"league":"Legend","streaming_platforms":[]}
Termina el proceso de Analisis
